TN:
SF:src/polyfills.ts
FNF:0
FNH:0
DA:71,1
LF:1
LH:1
BRF:0
BRH:0
end_of_record
TN:
SF:src/test.ts
FNF:0
FNH:0
DA:4,1
DA:5,1
DA:6,1
DA:14,1
DA:19,1
DA:21,1
LF:6
LH:6
BRF:0
BRH:0
end_of_record
TN:
SF:src/app/app.component.ts
FN:52,(anonymous_2)
FN:72,(anonymous_3)
FN:109,(anonymous_4)
FNF:3
FNH:3
FNDA:1,(anonymous_2)
FNDA:1,(anonymous_3)
FNDA:1,(anonymous_4)
DA:1,1
DA:8,1
DA:9,1
DA:10,1
DA:13,1
DA:14,1
DA:15,1
DA:16,1
DA:17,1
DA:19,1
DA:20,1
DA:32,1
DA:40,1
DA:53,1
DA:54,1
DA:55,1
DA:56,1
DA:57,1
DA:58,1
DA:59,1
DA:61,1
DA:62,1
DA:108,1
DA:110,1
LF:24
LH:24
BRF:0
BRH:0
end_of_record
TN:
SF:src/app/app.module.ts
FN:55,createTranslateLoader
FNF:1
FNH:1
FNDA:2,createTranslateLoader
DA:1,1
DA:2,1
DA:7,1
DA:8,1
DA:13,1
DA:14,1
DA:15,1
DA:16,1
DA:17,1
DA:20,1
DA:21,1
DA:26,1
DA:28,1
DA:29,1
DA:30,1
DA:31,1
DA:32,1
DA:33,1
DA:34,1
DA:37,1
DA:38,1
DA:41,1
DA:44,1
DA:47,1
DA:48,1
DA:55,1
DA:56,2
DA:63,1
DA:159,1
LF:29
LH:29
BRF:0
BRH:0
end_of_record
TN:
SF:src/app/app.server.module.ts
FN:18,TranslateUniversalService
FNF:1
FNH:1
FNDA:1,TranslateUniversalService
DA:1,1
DA:2,1
DA:3,1
DA:7,1
DA:9,1
DA:10,1
DA:11,1
DA:12,1
DA:18,1
DA:19,1
DA:48,1
LF:11
LH:11
BRF:0
BRH:0
end_of_record
TN:
SF:src/app/globals.ts
FNF:0
FNH:0
DA:1,1
DA:2,1
DA:3,1
DA:4,1
LF:4
LH:4
BRF:0
BRH:0
end_of_record
TN:
SF:src/app/components/index.ts
FN:1,(anonymous_0)
FNF:1
FNH:1
FNDA:3,(anonymous_0)
DA:1,4
LF:1
LH:1
BRF:0
BRH:0
end_of_record
TN:
SF:src/app/components/base/base.component.ts
FN:23,(anonymous_2)
FN:32,(anonymous_3)
FN:34,(anonymous_4)
FN:42,(anonymous_5)
FN:47,(anonymous_6)
FNF:5
FNH:5
FNDA:1,(anonymous_2)
FNDA:4,(anonymous_3)
FNDA:1,(anonymous_4)
FNDA:4,(anonymous_5)
FNDA:4,(anonymous_6)
DA:1,1
DA:11,1
DA:15,4
DA:24,1
DA:25,1
DA:33,4
DA:35,1
DA:48,4
DA:49,4
LF:9
LH:9
BRDA:35,0,0,1
BRDA:35,0,1,1
BRF:2
BRH:2
end_of_record
TN:
SF:src/app/helpers/general.helper.ts
FN:34,(anonymous_0)
FN:35,(anonymous_1)
FN:46,(anonymous_2)
FN:47,(anonymous_3)
FN:10,(anonymous_4)
FN:13,(anonymous_5)
FNF:6
FNH:6
FNDA:1,(anonymous_0)
FNDA:8,(anonymous_1)
FNDA:1,(anonymous_2)
FNDA:6,(anonymous_3)
FNDA:4,(anonymous_4)
FNDA:7,(anonymous_5)
DA:4,1
DA:10,1
DA:11,4
DA:13,4
DA:14,7
DA:15,3
DA:20,4
DA:24,4
DA:35,1
DA:36,8
DA:47,1
DA:48,6
LF:12
LH:12
BRDA:36,0,0,3
BRDA:36,0,1,5
BRDA:36,1,0,4
BRDA:36,1,1,1
BRDA:14,2,0,3
BRDA:14,2,1,4
BRDA:14,3,0,7
BRDA:14,3,1,4
BRF:8
BRH:8
end_of_record
TN:
SF:src/app/interceptors/http.interceptor.ts
FN:19,(anonymous_2)
FN:27,(anonymous_3)
FN:35,(anonymous_4)
FNF:3
FNH:3
FNDA:1,(anonymous_2)
FNDA:1,(anonymous_3)
FNDA:1,(anonymous_4)
DA:7,1
DA:8,1
DA:10,1
DA:12,1
DA:18,1
DA:19,1
DA:31,1
DA:32,1
DA:36,1
LF:9
LH:9
BRF:0
BRH:0
end_of_record
TN:
SF:src/app/modules/error.module.ts
FNF:0
FNH:0
DA:1,1
DA:2,1
DA:4,1
DA:5,1
DA:17,1
LF:5
LH:5
BRF:0
BRH:0
end_of_record
TN:
SF:src/app/modules/home.module.ts
FNF:0
FNH:0
DA:1,1
DA:2,1
DA:3,1
DA:4,1
DA:6,1
DA:7,1
DA:8,1
DA:9,1
DA:10,1
DA:11,1
DA:12,1
DA:32,1
LF:12
LH:12
BRF:0
BRH:0
end_of_record
TN:
SF:src/app/modules/shared.module.ts
FNF:0
FNH:0
DA:1,1
DA:2,1
DA:3,1
DA:4,1
DA:17,1
LF:5
LH:5
BRF:0
BRH:0
end_of_record
TN:
SF:src/app/pages/index.ts
FN:1,(anonymous_0)
FN:2,(anonymous_1)
FNF:2
FNH:2
FNDA:2,(anonymous_0)
FNDA:1,(anonymous_1)
DA:1,3
DA:2,2
LF:2
LH:2
BRF:0
BRH:0
end_of_record
TN:
SF:src/app/pages/error/error-page.component.ts
FN:23,(anonymous_2)
FN:35,(anonymous_3)
FNF:2
FNH:2
FNDA:2,(anonymous_2)
FNDA:1,(anonymous_3)
DA:1,1
DA:2,1
DA:3,1
DA:5,1
DA:17,1
DA:24,2
DA:25,2
DA:27,2
DA:28,2
DA:36,1
LF:10
LH:10
BRF:0
BRH:0
end_of_record
TN:
SF:src/app/pages/home/home-page.component.ts
FN:48,(anonymous_2)
FN:65,(anonymous_3)
FN:69,(anonymous_4)
FNF:3
FNH:3
FNDA:1,(anonymous_2)
FNDA:1,(anonymous_3)
FNDA:1,(anonymous_4)
DA:1,1
DA:2,1
DA:3,1
DA:6,1
DA:7,1
DA:9,1
DA:10,1
DA:22,1
DA:49,1
DA:50,1
DA:51,1
DA:53,1
DA:55,1
DA:56,1
DA:57,1
DA:58,1
DA:66,1
DA:67,1
DA:69,1
DA:71,1
LF:20
LH:20
BRDA:71,0,0,1
BRF:1
BRH:1
end_of_record
TN:
SF:src/app/routes/app-routing.module.ts
FN:22,(anonymous_1)
FNF:1
FNH:1
FNDA:2,(anonymous_1)
DA:1,1
DA:2,1
DA:3,1
DA:8,1
DA:10,1
DA:16,1
DA:23,2
DA:24,2
DA:25,2
DA:30,2
DA:31,2
DA:32,2
DA:91,1
LF:13
LH:13
BRF:0
BRH:0
end_of_record
TN:
SF:src/app/routes/index.ts
FN:1,(anonymous_0)
FN:2,(anonymous_1)
FN:3,(anonymous_2)
FNF:3
FNH:3
FNDA:1,(anonymous_0)
FNDA:1,(anonymous_1)
FNDA:1,(anonymous_2)
DA:1,2
DA:2,2
DA:3,2
LF:3
LH:3
BRF:0
BRH:0
end_of_record
TN:
SF:src/app/routes/static.paths.ts
FN:5,(anonymous_0)
FN:6,(anonymous_1)
FNF:2
FNH:2
FNDA:1,(anonymous_0)
FNDA:2,(anonymous_1)
DA:1,1
DA:3,1
DA:5,1
DA:6,1
DA:7,2
DA:10,1
DA:14,1
LF:7
LH:7
BRF:0
BRH:0
end_of_record
TN:
SF:src/app/routes/effects/google-analytics.effects.ts
FN:19,(anonymous_2)
FN:28,(anonymous_3)
FN:30,(anonymous_4)
FN:31,(anonymous_5)
FNF:4
FNH:4
FNDA:3,(anonymous_2)
FNDA:3,(anonymous_3)
FNDA:2,(anonymous_4)
FNDA:2,(anonymous_5)
DA:1,1
DA:2,1
DA:3,1
DA:4,1
DA:6,1
DA:12,1
DA:20,3
DA:21,3
DA:27,3
DA:29,3
DA:30,2
DA:32,2
DA:33,1
DA:38,1
LF:14
LH:14
BRDA:32,0,0,1
BRDA:32,0,1,1
BRF:2
BRH:2
end_of_record
TN:
SF:src/app/routes/guards/language-guard.service.ts
FN:18,(anonymous_2)
FN:26,(anonymous_3)
FNF:2
FNH:2
FNDA:2,(anonymous_2)
FNDA:2,(anonymous_3)
DA:1,1
DA:2,1
DA:9,1
DA:17,1
DA:18,2
DA:27,2
DA:28,1
DA:30,1
LF:8
LH:8
BRDA:27,0,0,1
BRDA:27,0,1,1
BRF:2
BRH:2
end_of_record
TN:
SF:src/app/routes/home/home-routing.ts
FNF:0
FNH:0
DA:1,1
DA:2,1
DA:4,1
DA:6,1
DA:21,1
LF:5
LH:5
BRF:0
BRH:0
end_of_record
TN:
SF:src/app/services/local-storage.service.ts
FNF:0
FNH:0
DA:1,1
DA:2,1
DA:8,1
LF:3
LH:3
BRF:0
BRH:0
end_of_record
TN:
SF:src/app/services/dummy/dummy.service.ts
FN:17,(anonymous_2)
FN:26,(anonymous_3)
FN:35,(anonymous_4)
FNF:3
FNH:3
FNDA:6,(anonymous_2)
FNDA:5,(anonymous_3)
FNDA:4,(anonymous_4)
DA:1,1
DA:2,1
DA:3,1
DA:4,1
DA:5,1
DA:7,1
DA:10,1
DA:16,1
DA:18,6
DA:19,6
DA:27,5
DA:29,5
DA:30,1
DA:33,4
DA:35,4
LF:15
LH:15
BRDA:29,0,0,1
BRDA:29,0,1,4
BRF:2
BRH:2
end_of_record
TN:
SF:src/app/services/push-notifications/push-notifications.service.ts
FN:13,(anonymous_2)
FN:20,(anonymous_3)
FN:33,(anonymous_4)
FN:65,(anonymous_5)
FNF:4
FNH:4
FNDA:4,(anonymous_2)
FNDA:1,(anonymous_3)
FNDA:1,(anonymous_4)
FNDA:1,(anonymous_5)
DA:1,1
DA:2,1
DA:5,1
DA:12,1
DA:13,4
DA:23,1
DA:49,1
DA:73,1
LF:8
LH:8
BRF:0
BRH:0
end_of_record
TN:
SF:src/app/ssr/http.interceptor.ts
FN:15,(anonymous_2)
FN:23,(anonymous_3)
FNF:2
FNH:2
FNDA:2,(anonymous_2)
FNDA:2,(anonymous_3)
DA:7,1
DA:14,1
DA:15,2
DA:28,2
DA:34,2
LF:5
LH:5
BRDA:29,0,0,1
BRDA:29,0,1,1
BRF:2
BRH:2
end_of_record
TN:
SF:src/app/ssr/tokens.ts
FNF:0
FNH:0
DA:1,1
DA:2,1
DA:3,1
DA:6,1
DA:13,1
LF:5
LH:5
BRF:0
BRH:0
end_of_record
TN:
SF:src/app/ssr/translate.loader.ts
FNF:0
FNH:0
DA:2,1
DA:4,1
DA:12,1
LF:3
LH:3
BRF:0
BRH:0
end_of_record
TN:
SF:src/app/store/application/application.actions.ts
FNF:0
FNH:0
DA:1,1
DA:6,1
LF:2
LH:2
BRF:0
BRH:0
end_of_record
TN:
SF:src/app/store/application/application.reducer.ts
FN:17,(anonymous_0)
FN:29,Applicationreducer
FNF:2
FNH:2
FNDA:1,(anonymous_0)
FNDA:2,Applicationreducer
DA:1,1
DA:2,1
DA:11,1
DA:15,1
DA:17,1
DA:29,1
DA:33,2
LF:7
LH:7
BRF:0
BRH:0
end_of_record
TN:
SF:src/app/store/application/application.selectors.ts
FN:10,(anonymous_0)
FNF:1
FNH:1
FNDA:1,(anonymous_0)
DA:1,1
DA:4,1
DA:8,1
DA:10,1
LF:4
LH:4
BRF:0
BRH:0
end_of_record
TN:
SF:src/app/store/dummy/dummy.actions.ts
FNF:0
FNH:0
DA:1,1
DA:7,1
DA:12,1
DA:25,1
DA:38,1
LF:5
LH:5
BRF:0
BRH:0
end_of_record
TN:
SF:src/app/store/dummy/dummy.effects.ts
FN:16,(anonymous_2)
FN:25,(anonymous_3)
FN:28,(anonymous_4)
FN:30,(anonymous_5)
FN:33,(anonymous_6)
FNF:5
FNH:5
FNDA:2,(anonymous_2)
FNDA:2,(anonymous_3)
FNDA:2,(anonymous_4)
FNDA:1,(anonymous_5)
FNDA:1,(anonymous_6)
DA:1,1
DA:3,1
DA:4,1
DA:5,1
DA:7,1
DA:8,1
DA:15,1
DA:17,2
DA:18,2
DA:25,2
DA:26,2
DA:29,2
DA:31,1
DA:34,1
LF:14
LH:14
BRF:0
BRH:0
end_of_record
TN:
SF:src/app/store/dummy/dummy.reducer.ts
FN:49,(anonymous_0)
FN:54,(anonymous_1)
FN:60,(anonymous_2)
FN:66,(anonymous_3)
FN:78,Dummyreducer
FNF:5
FNH:5
FNDA:1,(anonymous_0)
FNDA:1,(anonymous_1)
FNDA:1,(anonymous_2)
FNDA:1,(anonymous_3)
FNDA:5,Dummyreducer
DA:1,1
DA:2,1
DA:24,1
DA:47,1
DA:49,1
DA:54,1
DA:60,1
DA:66,1
DA:78,1
DA:79,5
LF:10
LH:10
BRF:0
BRH:0
end_of_record
TN:
SF:src/app/store/dummy/dummy.selectors.ts
FN:8,(anonymous_0)
FN:13,(anonymous_1)
FN:16,(anonymous_2)
FN:18,(anonymous_3)
FN:20,(anonymous_4)
FN:22,(anonymous_5)
FN:35,(anonymous_6)
FN:40,(anonymous_7)
FN:45,(anonymous_8)
FNF:9
FNH:9
FNDA:3,(anonymous_0)
FNDA:1,(anonymous_1)
FNDA:1,(anonymous_2)
FNDA:1,(anonymous_3)
FNDA:1,(anonymous_4)
FNDA:2,(anonymous_5)
FNDA:1,(anonymous_6)
FNDA:1,(anonymous_7)
FNDA:1,(anonymous_8)
DA:1,1
DA:4,1
DA:6,1
DA:8,3
DA:11,1
DA:13,1
DA:16,1
DA:18,1
DA:20,1
DA:22,1
DA:23,2
DA:24,1
DA:30,1
DA:33,1
DA:35,1
DA:38,1
DA:40,1
DA:43,1
DA:45,1
LF:19
LH:19
BRDA:23,0,0,1
BRDA:23,0,1,1
BRF:2
BRH:2
end_of_record
TN:
SF:src/app/store/meta/app.tokens.ts
FNF:0
FNH:0
DA:1,1
DA:4,1
DA:6,1
LF:3
LH:3
BRF:0
BRH:0
end_of_record
TN:
SF:src/app/store/meta/storage.metareducer.ts
FN:11,storageMetaReducer
FN:17,(anonymous_1)
FN:18,(anonymous_2)
FNF:3
FNH:3
FNDA:4,storageMetaReducer
FNDA:4,(anonymous_1)
FNDA:5,(anonymous_2)
DA:4,1
DA:5,1
DA:11,1
DA:16,4
DA:17,4
DA:18,4
DA:20,5
DA:22,5
DA:23,4
DA:24,4
DA:27,4
DA:31,1
DA:32,1
DA:34,1
LF:14
LH:14
BRDA:22,0,0,4
BRDA:22,0,1,1
BRF:2
BRH:2
end_of_record
TN:
SF:src/app/store/notifications/notifications.actions.ts
FNF:0
FNH:0
DA:1,1
DA:5,1
DA:9,1
DA:19,1
DA:29,1
DA:39,1
DA:49,1
LF:7
LH:7
BRF:0
BRH:0
end_of_record
TN:
SF:src/app/store/notifications/notifications.reducer.ts
FN:22,(anonymous_0)
FN:25,(anonymous_1)
FN:28,(anonymous_2)
FN:38,reducer
FNF:4
FNH:4
FNDA:1,(anonymous_0)
FNDA:1,(anonymous_1)
FNDA:2,(anonymous_2)
FNDA:4,reducer
DA:1,1
DA:2,1
DA:4,1
DA:14,1
DA:18,1
DA:20,1
DA:23,1
DA:26,1
DA:29,2
DA:38,1
DA:42,4
DA:45,1
LF:12
LH:12
BRF:0
BRH:0
end_of_record
TN:
SF:src/app/store/notifications/notifications.selectors.ts
FNF:0
FNH:0
DA:1,1
DA:3,1
DA:5,1
DA:9,1
LF:4
LH:4
BRF:0
BRH:0
end_of_record
TN:
SF:src/app/store/router/router.actions.ts
FNF:0
FNH:0
DA:2,1
DA:4,1
DA:27,1
DA:28,1
LF:4
LH:4
BRF:0
BRH:0
end_of_record
TN:
SF:src/app/store/router/router.effects.ts
FN:17,(anonymous_2)
FN:40,(anonymous_3)
FN:43,(anonymous_4)
FN:44,(anonymous_5)
FN:55,(anonymous_6)
FN:58,(anonymous_7)
FN:67,(anonymous_8)
FN:70,(anonymous_9)
FNF:8
FNH:8
FNDA:9,(anonymous_2)
FNDA:9,(anonymous_3)
FNDA:1,(anonymous_4)
FNDA:1,(anonymous_5)
FNDA:9,(anonymous_6)
FNDA:1,(anonymous_7)
FNDA:9,(anonymous_8)
FNDA:1,(anonymous_9)
DA:1,1
DA:2,1
DA:3,1
DA:4,1
DA:7,1
DA:9,1
DA:16,1
DA:18,9
DA:19,9
DA:20,9
DA:26,9
DA:41,9
DA:43,1
DA:45,1
DA:54,9
DA:56,9
DA:58,1
DA:66,9
DA:68,9
DA:70,1
LF:20
LH:20
BRF:0
BRH:0
end_of_record
TN:
SF:src/app/store/router/router.selectors.ts
FN:12,(anonymous_0)
FN:17,(anonymous_1)
FNF:2
FNH:2
FNDA:1,(anonymous_0)
FNDA:1,(anonymous_1)
DA:2,1
DA:6,1
DA:10,1
DA:12,1
DA:15,1
DA:17,1
LF:6
LH:6
BRDA:12,0,0,1
BRDA:12,0,1,1
BRDA:17,1,0,1
BRDA:17,1,1,1
BRDA:17,1,2,1
BRF:5
BRH:5
end_of_record
TN:
SF:src/environments/environment.ts
FNF:0
FNH:0
DA:8,1
LF:1
LH:1
BRF:0
BRH:0
end_of_record
