TN:
SF:src/polyfills.ts
FNF:0
FNH:0
DA:71,1
LF:1
LH:1
BRF:0
BRH:0
end_of_record
TN:
SF:src/test.ts
FNF:0
FNH:0
DA:3,1
DA:4,1
DA:5,1
DA:13,1
DA:18,1
DA:20,1
LF:6
LH:6
BRF:0
BRH:0
end_of_record
TN:
SF:src/app/app.component.ts
FN:52,(anonymous_2)
FN:72,(anonymous_3)
FN:109,(anonymous_4)
FNF:3
FNH:0
FNDA:0,(anonymous_2)
FNDA:0,(anonymous_3)
FNDA:0,(anonymous_4)
DA:1,1
DA:8,1
DA:9,1
DA:10,1
DA:13,1
DA:14,1
DA:15,1
DA:16,1
DA:17,1
DA:19,1
DA:20,1
DA:32,1
DA:40,0
DA:53,0
DA:54,0
DA:55,0
DA:56,0
DA:57,0
DA:58,0
DA:59,0
DA:61,0
DA:62,0
DA:108,0
DA:110,0
LF:24
LH:12
BRF:0
BRH:0
end_of_record
TN:
SF:src/app/app.module.ts
FN:55,createTranslateLoader
FNF:1
FNH:0
FNDA:0,createTranslateLoader
DA:1,1
DA:2,1
DA:7,1
DA:8,1
DA:13,1
DA:14,1
DA:15,1
DA:16,1
DA:17,1
DA:20,1
DA:21,1
DA:26,1
DA:28,1
DA:29,1
DA:30,1
DA:31,1
DA:32,1
DA:33,1
DA:34,1
DA:37,1
DA:38,1
DA:41,1
DA:44,1
DA:47,1
DA:48,1
DA:55,1
DA:56,0
DA:63,1
DA:159,1
LF:29
LH:28
BRF:0
BRH:0
end_of_record
TN:
SF:src/app/app.server.module.ts
FN:18,TranslateUniversalService
FNF:1
FNH:0
FNDA:0,TranslateUniversalService
DA:1,1
DA:2,1
DA:3,1
DA:7,1
DA:9,1
DA:10,1
DA:11,1
DA:12,1
DA:18,1
DA:19,0
DA:48,1
LF:11
LH:10
BRF:0
BRH:0
end_of_record
TN:
SF:src/app/globals.ts
FNF:0
FNH:0
DA:1,1
DA:2,1
DA:3,1
DA:4,1
LF:4
LH:4
BRF:0
BRH:0
end_of_record
TN:
SF:src/app/components/index.ts
FN:1,(anonymous_0)
FNF:1
FNH:1
FNDA:3,(anonymous_0)
DA:1,4
LF:1
LH:1
BRF:0
BRH:0
end_of_record
TN:
SF:src/app/components/base/base.component.ts
FN:23,(anonymous_2)
FN:32,(anonymous_3)
FN:34,(anonymous_4)
FN:42,(anonymous_5)
FN:47,(anonymous_6)
FNF:5
FNH:0
FNDA:0,(anonymous_2)
FNDA:0,(anonymous_3)
FNDA:0,(anonymous_4)
FNDA:0,(anonymous_5)
FNDA:0,(anonymous_6)
DA:1,1
DA:11,1
DA:15,0
DA:24,0
DA:25,0
DA:33,0
DA:35,0
DA:48,0
DA:49,0
LF:9
LH:2
BRDA:35,0,0,0
BRDA:35,0,1,0
BRF:2
BRH:0
end_of_record
TN:
SF:src/app/helpers/general.helper.ts
FN:34,(anonymous_0)
FN:35,(anonymous_1)
FN:46,(anonymous_2)
FN:47,(anonymous_3)
FN:10,(anonymous_4)
FN:13,(anonymous_5)
FNF:6
FNH:0
FNDA:0,(anonymous_0)
FNDA:0,(anonymous_1)
FNDA:0,(anonymous_2)
FNDA:0,(anonymous_3)
FNDA:0,(anonymous_4)
FNDA:0,(anonymous_5)
DA:4,1
DA:10,1
DA:11,0
DA:13,0
DA:14,0
DA:15,0
DA:20,0
DA:24,0
DA:35,0
DA:36,0
DA:47,0
DA:48,0
LF:12
LH:2
BRDA:36,0,0,0
BRDA:36,0,1,0
BRDA:36,1,0,0
BRDA:36,1,1,0
BRDA:14,2,0,0
BRDA:14,2,1,0
BRDA:14,3,0,0
BRDA:14,3,1,0
BRF:8
BRH:0
end_of_record
TN:
SF:src/app/interceptors/http.interceptor.ts
FN:25,(anonymous_2)
FN:29,(anonymous_3)
FNF:2
FNH:0
FNDA:0,(anonymous_2)
FNDA:0,(anonymous_3)
DA:1,1
DA:8,1
DA:11,1
DA:15,1
DA:23,1
DA:26,0
DA:30,0
DA:31,0
DA:34,0
DA:36,0
DA:37,0
DA:41,0
DA:44,0
LF:13
LH:5
BRDA:30,0,0,0
BRDA:30,0,1,0
BRDA:36,1,0,0
BRDA:36,1,1,0
BRF:4
BRH:0
end_of_record
TN:
SF:src/app/modules/error.module.ts
FNF:0
FNH:0
DA:1,1
DA:2,1
DA:4,1
DA:5,1
DA:17,1
LF:5
LH:5
BRF:0
BRH:0
end_of_record
TN:
SF:src/app/modules/home.module.ts
FNF:0
FNH:0
DA:1,1
DA:2,1
DA:3,1
DA:4,1
DA:6,1
DA:7,1
DA:8,1
DA:9,1
DA:10,1
DA:11,1
DA:12,1
DA:32,1
LF:12
LH:12
BRF:0
BRH:0
end_of_record
TN:
SF:src/app/modules/shared.module.ts
FNF:0
FNH:0
DA:1,1
DA:2,1
DA:3,1
DA:4,1
DA:17,1
LF:5
LH:5
BRF:0
BRH:0
end_of_record
TN:
SF:src/app/pages/index.ts
FN:1,(anonymous_0)
FN:2,(anonymous_1)
FNF:2
FNH:2
FNDA:2,(anonymous_0)
FNDA:1,(anonymous_1)
DA:1,3
DA:2,2
LF:2
LH:2
BRF:0
BRH:0
end_of_record
TN:
SF:src/app/pages/error/error-page.component.ts
FN:23,(anonymous_2)
FN:35,(anonymous_3)
FNF:2
FNH:0
FNDA:0,(anonymous_2)
FNDA:0,(anonymous_3)
DA:1,1
DA:2,1
DA:3,1
DA:5,1
DA:17,1
DA:24,0
DA:25,0
DA:27,0
DA:28,0
DA:36,0
LF:10
LH:5
BRF:0
BRH:0
end_of_record
TN:
SF:src/app/pages/home/home-page.component.ts
FN:26,(anonymous_2)
FN:38,(anonymous_3)
FN:42,(anonymous_4)
FNF:3
FNH:0
FNDA:0,(anonymous_2)
FNDA:0,(anonymous_3)
FNDA:0,(anonymous_4)
DA:1,1
DA:2,1
DA:3,1
DA:5,1
DA:6,1
DA:7,1
DA:19,1
DA:27,0
DA:28,0
DA:29,0
DA:31,0
DA:39,0
DA:40,0
DA:42,0
DA:44,0
LF:15
LH:7
BRDA:44,0,0,0
BRF:1
BRH:0
end_of_record
TN:
SF:src/app/routes/app-routing.module.ts
FN:22,(anonymous_1)
FNF:1
FNH:0
FNDA:0,(anonymous_1)
DA:1,1
DA:2,1
DA:3,1
DA:8,1
DA:10,1
DA:16,1
DA:23,0
DA:24,0
DA:25,0
DA:30,0
DA:31,0
DA:32,0
DA:91,1
LF:13
LH:7
BRF:0
BRH:0
end_of_record
TN:
SF:src/app/routes/index.ts
FN:1,(anonymous_0)
FN:2,(anonymous_1)
FN:3,(anonymous_2)
FNF:3
FNH:3
FNDA:1,(anonymous_0)
FNDA:1,(anonymous_1)
FNDA:1,(anonymous_2)
DA:1,2
DA:2,2
DA:3,2
LF:3
LH:3
BRF:0
BRH:0
end_of_record
TN:
SF:src/app/routes/static.paths.ts
FN:5,(anonymous_0)
FN:6,(anonymous_1)
FNF:2
FNH:2
FNDA:1,(anonymous_0)
FNDA:2,(anonymous_1)
DA:1,1
DA:3,1
DA:5,1
DA:6,1
DA:7,2
DA:10,1
DA:14,1
LF:7
LH:7
BRF:0
BRH:0
end_of_record
TN:
SF:src/app/routes/effects/google-analytics.effects.ts
FN:19,(anonymous_2)
FN:28,(anonymous_3)
FN:30,(anonymous_4)
FN:31,(anonymous_5)
FNF:4
FNH:0
FNDA:0,(anonymous_2)
FNDA:0,(anonymous_3)
FNDA:0,(anonymous_4)
FNDA:0,(anonymous_5)
DA:1,1
DA:2,1
DA:3,1
DA:4,1
DA:6,1
DA:12,1
DA:20,0
DA:21,0
DA:27,0
DA:29,0
DA:30,0
DA:32,0
DA:33,0
DA:38,0
LF:14
LH:6
BRDA:32,0,0,0
BRDA:32,0,1,0
BRF:2
BRH:0
end_of_record
TN:
SF:src/app/routes/guards/language-guard.service.ts
FN:18,(anonymous_2)
FN:26,(anonymous_3)
FNF:2
FNH:0
FNDA:0,(anonymous_2)
FNDA:0,(anonymous_3)
DA:1,1
DA:2,1
DA:9,1
DA:17,1
DA:18,0
DA:27,0
DA:28,0
DA:30,0
LF:8
LH:4
BRDA:27,0,0,0
BRDA:27,0,1,0
BRF:2
BRH:0
end_of_record
TN:
SF:src/app/routes/home/home-routing.ts
FNF:0
FNH:0
DA:1,1
DA:2,1
DA:4,1
DA:6,1
DA:21,1
LF:5
LH:5
BRF:0
BRH:0
end_of_record
TN:
SF:src/app/services/local-storage.service.ts
FNF:0
FNH:0
DA:1,1
DA:2,1
DA:8,1
LF:3
LH:3
BRF:0
BRH:0
end_of_record
TN:
SF:src/app/services/dummy/dummy.service.ts
FN:17,(anonymous_2)
FN:26,(anonymous_3)
FN:35,(anonymous_4)
FNF:3
FNH:1
FNDA:1,(anonymous_2)
FNDA:0,(anonymous_3)
FNDA:0,(anonymous_4)
DA:1,1
DA:2,1
DA:3,1
DA:4,1
DA:5,1
DA:7,1
DA:10,1
DA:16,1
DA:18,1
DA:19,1
DA:27,0
DA:29,0
DA:30,0
DA:33,0
DA:35,0
LF:15
LH:10
BRDA:29,0,0,0
BRDA:29,0,1,0
BRF:2
BRH:0
end_of_record
TN:
SF:src/app/services/push-notifications/push-notifications.service.ts
FN:13,(anonymous_2)
FN:20,(anonymous_3)
FN:33,(anonymous_4)
FN:65,(anonymous_5)
FNF:4
FNH:0
FNDA:0,(anonymous_2)
FNDA:0,(anonymous_3)
FNDA:0,(anonymous_4)
FNDA:0,(anonymous_5)
DA:1,1
DA:2,1
DA:5,1
DA:12,1
DA:13,0
DA:23,0
DA:49,0
DA:73,0
LF:8
LH:4
BRF:0
BRH:0
end_of_record
TN:
SF:src/app/ssr/http.interceptor.ts
FN:16,(anonymous_2)
FN:18,(anonymous_3)
FN:21,(anonymous_4)
FNF:3
FNH:0
FNDA:0,(anonymous_2)
FNDA:0,(anonymous_3)
FNDA:0,(anonymous_4)
DA:1,1
DA:7,1
DA:8,1
DA:9,1
DA:15,1
DA:16,0
DA:20,0
DA:22,0
DA:23,0
LF:9
LH:5
BRDA:22,0,0,0
BRDA:22,0,1,0
BRF:2
BRH:0
end_of_record
TN:
SF:src/app/ssr/tokens.ts
FNF:0
FNH:0
DA:1,1
DA:2,1
DA:3,1
DA:6,1
DA:13,1
LF:5
LH:5
BRF:0
BRH:0
end_of_record
TN:
SF:src/app/ssr/translate.loader.ts
FNF:0
FNH:0
DA:2,1
DA:4,1
DA:12,1
LF:3
LH:3
BRF:0
BRH:0
end_of_record
TN:
SF:src/app/store/application/application.actions.ts
FNF:0
FNH:0
DA:1,1
DA:6,1
LF:2
LH:2
BRF:0
BRH:0
end_of_record
TN:
SF:src/app/store/application/application.reducer.ts
FN:17,(anonymous_0)
FN:29,Applicationreducer
FNF:2
FNH:0
FNDA:0,(anonymous_0)
FNDA:0,Applicationreducer
DA:1,1
DA:2,1
DA:11,1
DA:15,1
DA:17,0
DA:29,1
DA:33,0
LF:7
LH:5
BRF:0
BRH:0
end_of_record
TN:
SF:src/app/store/application/application.selectors.ts
FN:10,(anonymous_0)
FNF:1
FNH:0
FNDA:0,(anonymous_0)
DA:1,1
DA:4,1
DA:8,1
DA:10,0
LF:4
LH:3
BRF:0
BRH:0
end_of_record
TN:
SF:src/app/store/dummy/dummy.actions.ts
FNF:0
FNH:0
DA:2,1
DA:8,1
DA:13,1
DA:26,1
DA:39,1
DA:43,1
DA:44,1
DA:50,1
LF:8
LH:8
BRF:0
BRH:0
end_of_record
TN:
SF:src/app/store/dummy/dummy.effects.ts
FN:33,(anonymous_2)
FN:42,(anonymous_3)
FN:45,(anonymous_4)
FN:47,(anonymous_5)
FN:52,(anonymous_6)
FN:65,(anonymous_7)
FN:68,(anonymous_8)
FN:70,(anonymous_9)
FN:74,(anonymous_10)
FN:81,(anonymous_11)
FNF:10
FNH:5
FNDA:1,(anonymous_2)
FNDA:1,(anonymous_3)
FNDA:0,(anonymous_4)
FNDA:0,(anonymous_5)
FNDA:0,(anonymous_6)
FNDA:1,(anonymous_7)
FNDA:1,(anonymous_8)
FNDA:1,(anonymous_9)
FNDA:0,(anonymous_10)
FNDA:0,(anonymous_11)
DA:1,1
DA:5,1
DA:10,1
DA:14,1
DA:20,1
DA:23,1
DA:32,1
DA:34,1
DA:35,1
DA:42,1
DA:43,1
DA:46,0
DA:48,0
DA:53,0
DA:64,1
DA:66,1
DA:69,1
DA:71,1
DA:74,0
DA:82,0
LF:20
LH:15
BRF:0
BRH:0
end_of_record
TN:
SF:src/app/store/dummy/dummy.reducer.ts
FN:15,(anonymous_0)
FN:23,selectGuid
FN:29,(anonymous_2)
FN:34,(anonymous_3)
FN:40,(anonymous_4)
FN:48,(anonymous_5)
FN:51,(anonymous_6)
FN:63,Dummyreducer
FNF:8
FNH:0
FNDA:0,(anonymous_0)
FNDA:0,selectGuid
FNDA:0,(anonymous_2)
FNDA:0,(anonymous_3)
FNDA:0,(anonymous_4)
FNDA:0,(anonymous_5)
FNDA:0,(anonymous_6)
FNDA:0,Dummyreducer
DA:1,1
DA:2,1
DA:3,1
DA:13,1
DA:15,0
DA:18,1
DA:23,1
DA:24,0
DA:27,1
DA:29,0
DA:34,0
DA:40,0
DA:49,0
DA:51,0
DA:63,1
DA:64,0
LF:16
LH:8
BRF:0
BRH:0
end_of_record
TN:
SF:src/app/store/meta/app.tokens.ts
FNF:0
FNH:0
DA:1,1
DA:4,1
DA:6,1
LF:3
LH:3
BRF:0
BRH:0
end_of_record
TN:
SF:src/app/store/meta/storage.metareducer.ts
FN:11,storageMetaReducer
FN:17,(anonymous_1)
FN:18,(anonymous_2)
FNF:3
FNH:0
FNDA:0,storageMetaReducer
FNDA:0,(anonymous_1)
FNDA:0,(anonymous_2)
DA:4,1
DA:5,1
DA:11,1
DA:16,0
DA:17,0
DA:18,0
DA:20,0
DA:22,0
DA:23,0
DA:24,0
DA:27,0
DA:31,0
DA:32,0
DA:34,0
LF:14
LH:3
BRDA:22,0,0,0
BRDA:22,0,1,0
BRF:2
BRH:0
end_of_record
TN:
SF:src/app/store/notifications/notifications.actions.ts
FNF:0
FNH:0
DA:1,1
DA:5,1
DA:9,1
DA:19,1
DA:29,1
DA:39,1
DA:49,1
LF:7
LH:7
BRF:0
BRH:0
end_of_record
TN:
SF:src/app/store/notifications/notifications.reducer.ts
FN:20,(anonymous_0)
FN:23,(anonymous_1)
FN:26,(anonymous_2)
FN:36,reducer
FNF:4
FNH:0
FNDA:0,(anonymous_0)
FNDA:0,(anonymous_1)
FNDA:0,(anonymous_2)
FNDA:0,reducer
DA:1,1
DA:2,1
DA:4,1
DA:14,1
DA:16,1
DA:18,1
DA:21,0
DA:24,0
DA:27,0
DA:36,1
DA:40,0
DA:43,1
LF:12
LH:8
BRF:0
BRH:0
end_of_record
TN:
SF:src/app/store/notifications/notifications.selectors.ts
FNF:0
FNH:0
DA:1,1
DA:3,1
DA:5,1
DA:9,1
LF:4
LH:4
BRF:0
BRH:0
end_of_record
TN:
SF:src/app/store/router/router.actions.ts
FNF:0
FNH:0
DA:2,1
DA:4,1
DA:27,1
DA:28,1
LF:4
LH:4
BRF:0
BRH:0
end_of_record
TN:
SF:src/app/store/router/router.effects.ts
FN:17,(anonymous_2)
FN:40,(anonymous_3)
FN:43,(anonymous_4)
FN:44,(anonymous_5)
FN:55,(anonymous_6)
FN:58,(anonymous_7)
FN:67,(anonymous_8)
FN:70,(anonymous_9)
FNF:8
FNH:0
FNDA:0,(anonymous_2)
FNDA:0,(anonymous_3)
FNDA:0,(anonymous_4)
FNDA:0,(anonymous_5)
FNDA:0,(anonymous_6)
FNDA:0,(anonymous_7)
FNDA:0,(anonymous_8)
FNDA:0,(anonymous_9)
DA:1,1
DA:2,1
DA:3,1
DA:4,1
DA:7,1
DA:9,1
DA:16,1
DA:18,0
DA:19,0
DA:20,0
DA:26,0
DA:41,0
DA:43,0
DA:45,0
DA:54,0
DA:56,0
DA:58,0
DA:66,0
DA:68,0
DA:70,0
LF:20
LH:7
BRF:0
BRH:0
end_of_record
TN:
SF:src/app/store/router/router.selectors.ts
FN:12,(anonymous_0)
FN:17,(anonymous_1)
FNF:2
FNH:0
FNDA:0,(anonymous_0)
FNDA:0,(anonymous_1)
DA:2,1
DA:6,1
DA:10,1
DA:12,0
DA:15,1
DA:17,0
LF:6
LH:4
BRDA:12,0,0,0
BRDA:12,0,1,0
BRDA:17,1,0,0
BRDA:17,1,1,0
BRDA:17,1,2,0
BRF:5
BRH:0
end_of_record
TN:
SF:src/environments/environment.ts
FNF:0
FNH:0
DA:8,1
LF:1
LH:1
BRF:0
BRH:0
end_of_record
